0    [main] INFO  eclipse.emf.mwe.core.WorkflowEngine  - --------------------------------------------------------------------------------------
1    [main] INFO  eclipse.emf.mwe.core.WorkflowEngine  - EMF Modeling Workflow Engine 1.2.1, Build v201306110341
1    [main] INFO  eclipse.emf.mwe.core.WorkflowEngine  - (c) 2005-2009 openarchitectureware.org and contributors
1    [main] INFO  eclipse.emf.mwe.core.WorkflowEngine  - --------------------------------------------------------------------------------------
1    [main] INFO  eclipse.emf.mwe.core.WorkflowEngine  - running workflow: C:/OOH4RIA/workspace/LePapeo/templates/workflow/generator.mwe
1    [main] INFO  eclipse.emf.mwe.core.WorkflowEngine  - 
230  [main] INFO  lipse.emf.mwe.utils.StandaloneSetup  - Registering platform uri 'C:\OOH4RIA\workspace'
546  [main] INFO  lipse.emf.mwe.utils.StandaloneSetup  - Adding generated EPackage 'es.ua.dlsi.ooh.conceptualView.ConceptualViewPackage'
581  [main] INFO  lipse.emf.mwe.utils.StandaloneSetup  - Adding generated EPackage 'org.eclipse.gmf.runtime.notation.NotationPackage'
653  [main] INFO  e.core.container.CompositeComponent  - Workflow: executing workflow workflow::nhibernate::generator.mwe in C:/OOH4RIA/workspace/LePapeo/templates/workflow/generator.mwe:11
653  [main] INFO  e.core.container.CompositeComponent  - XmiReader: file 'models/default.domainModel' => slot 'es_ua_dlsi_ooh_conceptual_model'
776  [main] INFO  e.core.container.CompositeComponent  - CheckComponent: slot es_ua_dlsi_ooh_conceptual_model check file(s): metamodel::Checks 
1029 [main] INFO  e.core.container.CompositeComponent  - es.ua.dlsi.ooh.persistence.nhibernate.generator.workflowComponents.CleanBackup
Se ha borrado el directorio backup en la ubicacion: ../LePapeoGen\Backup
1036 [main] INFO  e.core.container.CompositeComponent  - Generator(nhibernate.generator): generating 'workflow::nhibernate::workflow::main FOR true' => [../LePapeoGen, CONFIGURATION:../LePapeoGen(overwrite=false,append=false,fileEncoding=utf-8)]
La licencia está en vigor. Su fecha de expiración es: Tue Jun 18 11:28:59 CEST 2019
configuroConf:C:\Users\Diego\AppData\Local\Temp\OOH4RIA232267169401397912.cfg
enc:utf-8
1357 [main] INFO  and2.pr.ProtectedRegionResolverImpl  - Source scan started ...
3516 [main] INFO  and2.pr.ProtectedRegionResolverImpl  - Source scan finished in 2.159s
3516 [main] INFO  and2.pr.ProtectedRegionResolverImpl  - Files scanned: 993
3516 [main] INFO  and2.pr.ProtectedRegionResolverImpl  - Regions found: 23
enc:utf-8
enc:utf-8
enc:utf-8
enc:utf-8
enc:utf-8
enc:utf-8
3892 [main] INFO  ipse.xtend.util.stdlib.IOExtensions  - UsuarioCAD
enc:utf-8
3953 [main] INFO  ipse.xtend.util.stdlib.IOExtensions  - RegistradoCAD
enc:utf-8
4001 [main] INFO  ipse.xtend.util.stdlib.IOExtensions  - AdminCAD
enc:utf-8
4041 [main] INFO  ipse.xtend.util.stdlib.IOExtensions  - RestauranteCAD
LA clase origen: Restaurante y el nombre de rol: tipoCocina
DISTINTO en: asoOrigin: direccion_restaurante. El nombre del rol origen: direccion de el rol destino: tipoCocina
Encontrado en: asoOrigin: tipoCocina_restaurante. El nombre del rol origen: tipoCocina y el nombre de rol destino: restaurante
LA clase origen: Restaurante y el nombre de rol: tipoCocina
DISTINTO en: asoOrigin: direccion_restaurante. El nombre del rol origen: direccion de el rol destino: tipoCocina
Encontrado en: asoOrigin: tipoCocina_restaurante. El nombre del rol origen: tipoCocina y el nombre de rol destino: restaurante
LA clase origen: Restaurante y el nombre de rol: tipoCocina
DISTINTO en: asoOrigin: direccion_restaurante. El nombre del rol origen: direccion de el rol destino: tipoCocina
Encontrado en: asoOrigin: tipoCocina_restaurante. El nombre del rol origen: tipoCocina y el nombre de rol destino: restaurante
LA clase origen: Restaurante y el nombre de rol: tipoCocina
DISTINTO en: asoOrigin: direccion_restaurante. El nombre del rol origen: direccion de el rol destino: tipoCocina
Encontrado en: asoOrigin: tipoCocina_restaurante. El nombre del rol origen: tipoCocina y el nombre de rol destino: restaurante
LA clase origen: Restaurante y el nombre de rol: tipoCocina
DISTINTO en: asoOrigin: direccion_restaurante. El nombre del rol origen: direccion de el rol destino: tipoCocina
Encontrado en: asoOrigin: tipoCocina_restaurante. El nombre del rol origen: tipoCocina y el nombre de rol destino: restaurante
LA clase origen: Restaurante y el nombre de rol: tipoCocina
DISTINTO en: asoOrigin: direccion_restaurante. El nombre del rol origen: direccion de el rol destino: tipoCocina
Encontrado en: asoOrigin: tipoCocina_restaurante. El nombre del rol origen: tipoCocina y el nombre de rol destino: restaurante
enc:utf-8
4110 [main] INFO  ipse.xtend.util.stdlib.IOExtensions  - ReservaCAD
LA clase origen: Reserva y el nombre de rol: registrado
Encontrado en: asoOrigin: registrado_reserva. El nombre del rol origen: registrado y el nombre de rol destino: reserva
LA clase origen: Reserva y el nombre de rol: registrado
Encontrado en: asoOrigin: registrado_reserva. El nombre del rol origen: registrado y el nombre de rol destino: reserva
LA clase origen: Reserva y el nombre de rol: registrado
Encontrado en: asoOrigin: registrado_reserva. El nombre del rol origen: registrado y el nombre de rol destino: reserva
LA clase origen: Reserva y el nombre de rol: registrado
Encontrado en: asoOrigin: registrado_reserva. El nombre del rol origen: registrado y el nombre de rol destino: reserva
LA clase origen: Reserva y el nombre de rol: registrado
Encontrado en: asoOrigin: registrado_reserva. El nombre del rol origen: registrado y el nombre de rol destino: reserva
LA clase origen: Reserva y el nombre de rol: registrado
Encontrado en: asoOrigin: registrado_reserva. El nombre del rol origen: registrado y el nombre de rol destino: reserva
LA clase origen: Reserva y el nombre de rol: restaurante
DISTINTO en: asoOrigin: registrado_reserva. El nombre del rol origen: registrado de el rol destino: restaurante
Encontrado en: asoOrigin: restaurante_reserva_0. El nombre del rol origen: restaurante y el nombre de rol destino: reserva_0
LA clase origen: Reserva y el nombre de rol: restaurante
DISTINTO en: asoOrigin: registrado_reserva. El nombre del rol origen: registrado de el rol destino: restaurante
Encontrado en: asoOrigin: restaurante_reserva_0. El nombre del rol origen: restaurante y el nombre de rol destino: reserva_0
LA clase origen: Reserva y el nombre de rol: restaurante
DISTINTO en: asoOrigin: registrado_reserva. El nombre del rol origen: registrado de el rol destino: restaurante
Encontrado en: asoOrigin: restaurante_reserva_0. El nombre del rol origen: restaurante y el nombre de rol destino: reserva_0
LA clase origen: Reserva y el nombre de rol: restaurante
DISTINTO en: asoOrigin: registrado_reserva. El nombre del rol origen: registrado de el rol destino: restaurante
Encontrado en: asoOrigin: restaurante_reserva_0. El nombre del rol origen: restaurante y el nombre de rol destino: reserva_0
LA clase origen: Reserva y el nombre de rol: restaurante
DISTINTO en: asoOrigin: registrado_reserva. El nombre del rol origen: registrado de el rol destino: restaurante
Encontrado en: asoOrigin: restaurante_reserva_0. El nombre del rol origen: restaurante y el nombre de rol destino: reserva_0
LA clase origen: Reserva y el nombre de rol: restaurante
DISTINTO en: asoOrigin: registrado_reserva. El nombre del rol origen: registrado de el rol destino: restaurante
Encontrado en: asoOrigin: restaurante_reserva_0. El nombre del rol origen: restaurante y el nombre de rol destino: reserva_0
enc:utf-8
4167 [main] INFO  ipse.xtend.util.stdlib.IOExtensions  - OpinionCAD
LA clase origen: Opinion y el nombre de rol: registrado
Encontrado en: asoOrigin: registrado_opinion. El nombre del rol origen: registrado y el nombre de rol destino: opinion
LA clase origen: Opinion y el nombre de rol: registrado
Encontrado en: asoOrigin: registrado_opinion. El nombre del rol origen: registrado y el nombre de rol destino: opinion
LA clase origen: Opinion y el nombre de rol: registrado
Encontrado en: asoOrigin: registrado_opinion. El nombre del rol origen: registrado y el nombre de rol destino: opinion
LA clase origen: Opinion y el nombre de rol: registrado
Encontrado en: asoOrigin: registrado_opinion. El nombre del rol origen: registrado y el nombre de rol destino: opinion
LA clase origen: Opinion y el nombre de rol: registrado
Encontrado en: asoOrigin: registrado_opinion. El nombre del rol origen: registrado y el nombre de rol destino: opinion
LA clase origen: Opinion y el nombre de rol: registrado
Encontrado en: asoOrigin: registrado_opinion. El nombre del rol origen: registrado y el nombre de rol destino: opinion
LA clase origen: Opinion y el nombre de rol: restaurante
DISTINTO en: asoOrigin: registrado_opinion. El nombre del rol origen: registrado de el rol destino: restaurante
Encontrado en: asoOrigin: restaurante_opinion_0. El nombre del rol origen: restaurante y el nombre de rol destino: opinion_0
LA clase origen: Opinion y el nombre de rol: restaurante
DISTINTO en: asoOrigin: registrado_opinion. El nombre del rol origen: registrado de el rol destino: restaurante
Encontrado en: asoOrigin: restaurante_opinion_0. El nombre del rol origen: restaurante y el nombre de rol destino: opinion_0
LA clase origen: Opinion y el nombre de rol: restaurante
DISTINTO en: asoOrigin: registrado_opinion. El nombre del rol origen: registrado de el rol destino: restaurante
Encontrado en: asoOrigin: restaurante_opinion_0. El nombre del rol origen: restaurante y el nombre de rol destino: opinion_0
LA clase origen: Opinion y el nombre de rol: restaurante
DISTINTO en: asoOrigin: registrado_opinion. El nombre del rol origen: registrado de el rol destino: restaurante
Encontrado en: asoOrigin: restaurante_opinion_0. El nombre del rol origen: restaurante y el nombre de rol destino: opinion_0
LA clase origen: Opinion y el nombre de rol: restaurante
DISTINTO en: asoOrigin: registrado_opinion. El nombre del rol origen: registrado de el rol destino: restaurante
Encontrado en: asoOrigin: restaurante_opinion_0. El nombre del rol origen: restaurante y el nombre de rol destino: opinion_0
LA clase origen: Opinion y el nombre de rol: restaurante
DISTINTO en: asoOrigin: registrado_opinion. El nombre del rol origen: registrado de el rol destino: restaurante
Encontrado en: asoOrigin: restaurante_opinion_0. El nombre del rol origen: restaurante y el nombre de rol destino: opinion_0
enc:utf-8
4222 [main] INFO  ipse.xtend.util.stdlib.IOExtensions  - NotificacionCAD
LA clase origen: Notificacion y el nombre de rol: notificacionGenerica
Encontrado en: asoOrigin: notificacionGenerica_notificacion. El nombre del rol origen: notificacionGenerica y el nombre de rol destino: notificacion
LA clase origen: Notificacion y el nombre de rol: notificacionGenerica
Encontrado en: asoOrigin: notificacionGenerica_notificacion. El nombre del rol origen: notificacionGenerica y el nombre de rol destino: notificacion
LA clase origen: Notificacion y el nombre de rol: notificacionGenerica
Encontrado en: asoOrigin: notificacionGenerica_notificacion. El nombre del rol origen: notificacionGenerica y el nombre de rol destino: notificacion
LA clase origen: Notificacion y el nombre de rol: notificacionGenerica
Encontrado en: asoOrigin: notificacionGenerica_notificacion. El nombre del rol origen: notificacionGenerica y el nombre de rol destino: notificacion
LA clase origen: Notificacion y el nombre de rol: notificacionGenerica
Encontrado en: asoOrigin: notificacionGenerica_notificacion. El nombre del rol origen: notificacionGenerica y el nombre de rol destino: notificacion
LA clase origen: Notificacion y el nombre de rol: notificacionGenerica
Encontrado en: asoOrigin: notificacionGenerica_notificacion. El nombre del rol origen: notificacionGenerica y el nombre de rol destino: notificacion
enc:utf-8
4276 [main] INFO  ipse.xtend.util.stdlib.IOExtensions  - NotificacionGenericaCAD
enc:utf-8
4313 [main] INFO  ipse.xtend.util.stdlib.IOExtensions  - HorarioSemanaCAD
enc:utf-8
4351 [main] INFO  ipse.xtend.util.stdlib.IOExtensions  - HorarioDiaCAD
LA clase origen: HorarioDia y el nombre de rol: horarioSemana
LA clase destino: HorarioDia y el nombre de rol: horarioSemana
Encontrado en: asoTarget: horarioDia_horarioSemana El nombre de rol origen (generado): horarioDia y el nombre del rol destino:horarioSemana
LA clase origen: HorarioDia y el nombre de rol: horarioSemana
LA clase destino: HorarioDia y el nombre de rol: horarioSemana
Encontrado en: asoTarget: horarioDia_horarioSemana El nombre de rol origen (generado): horarioDia y el nombre del rol destino:horarioSemana
LA clase origen: HorarioDia y el nombre de rol: horarioSemana
LA clase destino: HorarioDia y el nombre de rol: horarioSemana
Encontrado en: asoTarget: horarioDia_horarioSemana El nombre de rol origen (generado): horarioDia y el nombre del rol destino:horarioSemana
enc:utf-8
4399 [main] INFO  ipse.xtend.util.stdlib.IOExtensions  - DireccionCAD
LA clase origen: Direccion y el nombre de rol: ciudad
Encontrado en: asoOrigin: ciudad_direccion. El nombre del rol origen: ciudad y el nombre de rol destino: direccion
LA clase origen: Direccion y el nombre de rol: ciudad
Encontrado en: asoOrigin: ciudad_direccion. El nombre del rol origen: ciudad y el nombre de rol destino: direccion
LA clase origen: Direccion y el nombre de rol: ciudad
Encontrado en: asoOrigin: ciudad_direccion. El nombre del rol origen: ciudad y el nombre de rol destino: direccion
LA clase origen: Direccion y el nombre de rol: ciudad
Encontrado en: asoOrigin: ciudad_direccion. El nombre del rol origen: ciudad y el nombre de rol destino: direccion
LA clase origen: Direccion y el nombre de rol: ciudad
Encontrado en: asoOrigin: ciudad_direccion. El nombre del rol origen: ciudad y el nombre de rol destino: direccion
LA clase origen: Direccion y el nombre de rol: ciudad
Encontrado en: asoOrigin: ciudad_direccion. El nombre del rol origen: ciudad y el nombre de rol destino: direccion
enc:utf-8
4438 [main] INFO  ipse.xtend.util.stdlib.IOExtensions  - CiudadCAD
enc:utf-8
4475 [main] INFO  ipse.xtend.util.stdlib.IOExtensions  - TipoCocinaCAD
enc:utf-8
enc:utf-8
enc:utf-8
enc:utf-8
enc:utf-8
enc:utf-8
enc:utf-8
enc:utf-8
enc:utf-8
enc:utf-8
enc:utf-8
enc:utf-8
enc:utf-8
enc:utf-8
enc:utf-8
4928 [main] INFO  ipse.xtend.util.stdlib.IOExtensions  - UsuarioCEN
enc:utf-8
4969 [main] INFO  ipse.xtend.util.stdlib.IOExtensions  - RegistradoCEN
enc:utf-8
5017 [main] INFO  ipse.xtend.util.stdlib.IOExtensions  - AdminCEN
enc:utf-8
5053 [main] INFO  ipse.xtend.util.stdlib.IOExtensions  - RestauranteCEN
enc:utf-8
5090 [main] INFO  ipse.xtend.util.stdlib.IOExtensions  - ReservaCEN
enc:utf-8
5129 [main] INFO  ipse.xtend.util.stdlib.IOExtensions  - OpinionCEN
enc:utf-8
5167 [main] INFO  ipse.xtend.util.stdlib.IOExtensions  - NotificacionCEN
enc:utf-8
5211 [main] INFO  ipse.xtend.util.stdlib.IOExtensions  - NotificacionGenericaCEN
enc:utf-8
5242 [main] INFO  ipse.xtend.util.stdlib.IOExtensions  - HorarioSemanaCEN
enc:utf-8
5274 [main] INFO  ipse.xtend.util.stdlib.IOExtensions  - HorarioDiaCEN
enc:utf-8
5308 [main] INFO  ipse.xtend.util.stdlib.IOExtensions  - DireccionCEN
enc:utf-8
5340 [main] INFO  ipse.xtend.util.stdlib.IOExtensions  - CiudadCEN
enc:utf-8
5371 [main] INFO  ipse.xtend.util.stdlib.IOExtensions  - TipoCocinaCEN
enc:utf-8
enc:utf-8
enc:utf-8
enc:utf-8
enc:utf-8
enc:utf-8
5556 [main] INFO  ipse.xtend.util.stdlib.IOExtensions  - es.ua.dlsi.ooh.conceptualView.impl.OperationImpl@1a9ad43 (name: new, visibility: Public, operationType: New, description: null, type: Object, collectionType: None, isStatic: false, isOrdered: false, filter: null, precondition: null, body: null, postcondition: null, automaticSynchronize: true, customized: false, paging: false, customizedTransaction: false)
5557 [main] INFO  ipse.xtend.util.stdlib.IOExtensions  - es.ua.dlsi.ooh.conceptualView.impl.OperationImpl@1021689 (name: modify, visibility: Public, operationType: Modifier, description: null, type: Void, collectionType: None, isStatic: false, isOrdered: false, filter: null, precondition: null, body: null, postcondition: null, automaticSynchronize: true, customized: false, paging: false, customizedTransaction: false)
5557 [main] INFO  ipse.xtend.util.stdlib.IOExtensions  - es.ua.dlsi.ooh.conceptualView.impl.OperationImpl@10e8f8e (name: destroy, visibility: Public, operationType: Destroy, description: null, type: Void, collectionType: None, isStatic: false, isOrdered: false, filter: null, precondition: null, body: null, postcondition: null, automaticSynchronize: true, customized: false, paging: false, customizedTransaction: false)
5557 [main] INFO  ipse.xtend.util.stdlib.IOExtensions  - es.ua.dlsi.ooh.conceptualView.impl.OperationImpl@1d03f44 (name: readOID, visibility: Public, operationType: ReadOID, description: null, type: Object, collectionType: None, isStatic: false, isOrdered: false, filter: null, precondition: null, body: null, postcondition: null, automaticSynchronize: true, customized: false, paging: false, customizedTransaction: false)
5557 [main] INFO  ipse.xtend.util.stdlib.IOExtensions  - es.ua.dlsi.ooh.conceptualView.impl.OperationImpl@63f509 (name: readAll, visibility: Public, operationType: ReadAll, description: null, type: Object, collectionType: List, isStatic: false, isOrdered: false, filter: null, precondition: null, body: null, postcondition: null, automaticSynchronize: true, customized: false, paging: false, customizedTransaction: false)
5557 [main] INFO  ipse.xtend.util.stdlib.IOExtensions  - es.ua.dlsi.ooh.conceptualView.impl.OperationImpl@b7ac2f (name: login, visibility: Public, operationType: Login, description: null, type: String, collectionType: None, isStatic: false, isOrdered: false, filter: null, precondition: null, body: null, postcondition: null, automaticSynchronize: true, customized: true, paging: false, customizedTransaction: false)
5557 [main] INFO  ipse.xtend.util.stdlib.IOExtensions  - es.ua.dlsi.ooh.conceptualView.impl.OperationImpl@e41621 (name: getNotificaciones, visibility: Public, operationType: ReadFilter, description: null, type: Object, collectionType: List, isStatic: false, isOrdered: false, filter: select us.Notificacion FROM UsuarioEN as us where us.id = :p_usuario, precondition: null, body: null, postcondition: null, automaticSynchronize: false, customized: false, paging: false, customizedTransaction: false)
5557 [main] INFO  ipse.xtend.util.stdlib.IOExtensions  - es.ua.dlsi.ooh.conceptualView.impl.OperationImpl@1c758ac (name: dgetOIDfromEmail, visibility: Public, operationType: ReadFilter, description: null, type: OID, collectionType: None, isStatic: false, isOrdered: false, filter: Select Usuario.Id from UsuarioEN as Usuario where Usuario.Email =:p_email, precondition: null, body: null, postcondition: null, automaticSynchronize: false, customized: false, paging: false, customizedTransaction: false)
enc:utf-8
5585 [main] INFO  ipse.xtend.util.stdlib.IOExtensions  - es.ua.dlsi.ooh.conceptualView.impl.OperationImpl@82df6a (name: new, visibility: Public, operationType: New, description: null, type: Object, collectionType: None, isStatic: false, isOrdered: false, filter: null, precondition: null, body: null, postcondition: null, automaticSynchronize: true, customized: false, paging: false, customizedTransaction: false)
5585 [main] INFO  ipse.xtend.util.stdlib.IOExtensions  - es.ua.dlsi.ooh.conceptualView.impl.OperationImpl@1368b99 (name: modify, visibility: Public, operationType: Modifier, description: null, type: Void, collectionType: None, isStatic: false, isOrdered: false, filter: null, precondition: null, body: null, postcondition: null, automaticSynchronize: true, customized: false, paging: false, customizedTransaction: false)
5585 [main] INFO  ipse.xtend.util.stdlib.IOExtensions  - es.ua.dlsi.ooh.conceptualView.impl.OperationImpl@174bf60 (name: destroy, visibility: Public, operationType: Destroy, description: null, type: Void, collectionType: None, isStatic: false, isOrdered: false, filter: null, precondition: null, body: null, postcondition: null, automaticSynchronize: true, customized: false, paging: false, customizedTransaction: false)
5585 [main] INFO  ipse.xtend.util.stdlib.IOExtensions  - es.ua.dlsi.ooh.conceptualView.impl.OperationImpl@1eb5ee5 (name: readOID, visibility: Public, operationType: ReadOID, description: null, type: Object, collectionType: None, isStatic: false, isOrdered: false, filter: null, precondition: null, body: null, postcondition: null, automaticSynchronize: true, customized: false, paging: false, customizedTransaction: false)
5585 [main] INFO  ipse.xtend.util.stdlib.IOExtensions  - es.ua.dlsi.ooh.conceptualView.impl.OperationImpl@1529185 (name: readAll, visibility: Public, operationType: ReadAll, description: null, type: Object, collectionType: List, isStatic: false, isOrdered: false, filter: null, precondition: null, body: null, postcondition: null, automaticSynchronize: true, customized: false, paging: false, customizedTransaction: false)
5585 [main] INFO  ipse.xtend.util.stdlib.IOExtensions  - es.ua.dlsi.ooh.conceptualView.impl.OperationImpl@f926e6 (name: agregarDireccion, visibility: Public, operationType: Relationer, description: null, type: Void, collectionType: None, isStatic: false, isOrdered: false, filter: null, precondition: null, body: null, postcondition: null, automaticSynchronize: true, customized: false, paging: false, customizedTransaction: false)
5585 [main] INFO  ipse.xtend.util.stdlib.IOExtensions  - es.ua.dlsi.ooh.conceptualView.impl.OperationImpl@1ce24aa (name: desvincularDireccion, visibility: Public, operationType: Unrelationer, description: null, type: Void, collectionType: None, isStatic: false, isOrdered: false, filter: null, precondition: null, body: null, postcondition: null, automaticSynchronize: true, customized: false, paging: false, customizedTransaction: false)
5585 [main] INFO  ipse.xtend.util.stdlib.IOExtensions  - es.ua.dlsi.ooh.conceptualView.impl.OperationImpl@d7259e (name: getDireccion, visibility: Public, operationType: ReadFilter, description: null, type: Object, collectionType: None, isStatic: false, isOrdered: false, filter: select res.Direccion_0 FROM RegistradoEN as res where res.id = :p_registrado, precondition: null, body: null, postcondition: null, automaticSynchronize: false, customized: false, paging: false, customizedTransaction: false)
5585 [main] INFO  ipse.xtend.util.stdlib.IOExtensions  - es.ua.dlsi.ooh.conceptualView.impl.OperationImpl@27b02d (name: ModificarDireccion, visibility: Public, operationType: CustomTransaction, description: null, type: Boolean, collectionType: None, isStatic: false, isOrdered: false, filter: null, precondition: null, body: null, postcondition: null, automaticSynchronize: true, customized: false, paging: false, customizedTransaction: false)
enc:utf-8
enc:utf-8
5642 [main] INFO  ipse.xtend.util.stdlib.IOExtensions  - es.ua.dlsi.ooh.conceptualView.impl.OperationImpl@1df66b6 (name: new, visibility: Public, operationType: New, description: null, type: Object, collectionType: None, isStatic: false, isOrdered: false, filter: null, precondition: null, body: null, postcondition: null, automaticSynchronize: true, customized: false, paging: false, customizedTransaction: false)
5642 [main] INFO  ipse.xtend.util.stdlib.IOExtensions  - es.ua.dlsi.ooh.conceptualView.impl.OperationImpl@8715b5 (name: modify, visibility: Public, operationType: Modifier, description: null, type: Void, collectionType: None, isStatic: false, isOrdered: false, filter: null, precondition: null, body: null, postcondition: null, automaticSynchronize: true, customized: false, paging: false, customizedTransaction: false)
5642 [main] INFO  ipse.xtend.util.stdlib.IOExtensions  - es.ua.dlsi.ooh.conceptualView.impl.OperationImpl@deea7f (name: destroy, visibility: Public, operationType: Destroy, description: null, type: Void, collectionType: None, isStatic: false, isOrdered: false, filter: null, precondition: null, body: null, postcondition: null, automaticSynchronize: true, customized: false, paging: false, customizedTransaction: false)
5642 [main] INFO  ipse.xtend.util.stdlib.IOExtensions  - es.ua.dlsi.ooh.conceptualView.impl.OperationImpl@1de4cb2 (name: readOID, visibility: Public, operationType: ReadOID, description: null, type: Object, collectionType: None, isStatic: false, isOrdered: false, filter: null, precondition: null, body: null, postcondition: null, automaticSynchronize: true, customized: false, paging: false, customizedTransaction: false)
5642 [main] INFO  ipse.xtend.util.stdlib.IOExtensions  - es.ua.dlsi.ooh.conceptualView.impl.OperationImpl@ce78ec (name: readAll, visibility: Public, operationType: ReadAll, description: null, type: Object, collectionType: List, isStatic: false, isOrdered: false, filter: null, precondition: null, body: null, postcondition: null, automaticSynchronize: true, customized: false, paging: false, customizedTransaction: false)
enc:utf-8
5668 [main] INFO  ipse.xtend.util.stdlib.IOExtensions  - es.ua.dlsi.ooh.conceptualView.impl.OperationImpl@620197 (name: new, visibility: Public, operationType: New, description: null, type: Object, collectionType: None, isStatic: false, isOrdered: false, filter: null, precondition: null, body: null, postcondition: null, automaticSynchronize: true, customized: false, paging: false, customizedTransaction: false)
5668 [main] INFO  ipse.xtend.util.stdlib.IOExtensions  - es.ua.dlsi.ooh.conceptualView.impl.OperationImpl@ef3420 (name: modify, visibility: Public, operationType: Modifier, description: null, type: Void, collectionType: None, isStatic: false, isOrdered: false, filter: null, precondition: null, body: null, postcondition: null, automaticSynchronize: true, customized: true, paging: false, customizedTransaction: false)
5669 [main] INFO  ipse.xtend.util.stdlib.IOExtensions  - es.ua.dlsi.ooh.conceptualView.impl.OperationImpl@134aada (name: destroy, visibility: Public, operationType: Destroy, description: null, type: Void, collectionType: None, isStatic: false, isOrdered: false, filter: null, precondition: null, body: null, postcondition: null, automaticSynchronize: true, customized: false, paging: false, customizedTransaction: false)
5669 [main] INFO  ipse.xtend.util.stdlib.IOExtensions  - es.ua.dlsi.ooh.conceptualView.impl.OperationImpl@19e68d0 (name: readOID, visibility: Public, operationType: ReadOID, description: null, type: Object, collectionType: None, isStatic: false, isOrdered: false, filter: null, precondition: null, body: null, postcondition: null, automaticSynchronize: true, customized: false, paging: false, customizedTransaction: false)
5669 [main] INFO  ipse.xtend.util.stdlib.IOExtensions  - es.ua.dlsi.ooh.conceptualView.impl.OperationImpl@dd9eb7 (name: readAll, visibility: Public, operationType: ReadAll, description: null, type: Object, collectionType: List, isStatic: false, isOrdered: false, filter: null, precondition: null, body: null, postcondition: null, automaticSynchronize: true, customized: false, paging: false, customizedTransaction: false)
5669 [main] INFO  ipse.xtend.util.stdlib.IOExtensions  - es.ua.dlsi.ooh.conceptualView.impl.OperationImpl@e6fdee (name: agregarDireccion, visibility: Public, operationType: Relationer, description: null, type: Void, collectionType: None, isStatic: false, isOrdered: false, filter: null, precondition: null, body: null, postcondition: null, automaticSynchronize: true, customized: false, paging: false, customizedTransaction: false)
5669 [main] INFO  ipse.xtend.util.stdlib.IOExtensions  - es.ua.dlsi.ooh.conceptualView.impl.OperationImpl@451d4d (name: desvincularDireccion, visibility: Public, operationType: Unrelationer, description: null, type: Void, collectionType: None, isStatic: false, isOrdered: false, filter: null, precondition: null, body: null, postcondition: null, automaticSynchronize: true, customized: false, paging: false, customizedTransaction: false)
5669 [main] INFO  ipse.xtend.util.stdlib.IOExtensions  - es.ua.dlsi.ooh.conceptualView.impl.OperationImpl@1dcaa40 (name: buscarRestaurante, visibility: Public, operationType: ReadFilter, description: null, type: Object, collectionType: List, isStatic: false, isOrdered: false, filter: FROM RestauranteEN, precondition: null, body: null, postcondition: null, automaticSynchronize: false, customized: false, paging: false, customizedTransaction: true)
enc:utf-8
5704 [main] INFO  ipse.xtend.util.stdlib.IOExtensions  - es.ua.dlsi.ooh.conceptualView.impl.OperationImpl@eff876 (name: agregarHorarioSemana, visibility: Public, operationType: Relationer, description: null, type: Void, collectionType: None, isStatic: false, isOrdered: false, filter: null, precondition: null, body: null, postcondition: null, automaticSynchronize: true, customized: false, paging: false, customizedTransaction: false)
5704 [main] INFO  ipse.xtend.util.stdlib.IOExtensions  - es.ua.dlsi.ooh.conceptualView.impl.OperationImpl@1809907 (name: desvincularHorarioSemana, visibility: Public, operationType: Relationer, description: null, type: Void, collectionType: None, isStatic: false, isOrdered: false, filter: null, precondition: null, body: null, postcondition: null, automaticSynchronize: true, customized: false, paging: false, customizedTransaction: false)
5704 [main] INFO  ipse.xtend.util.stdlib.IOExtensions  - es.ua.dlsi.ooh.conceptualView.impl.OperationImpl@158da8e (name: getHorarioSemana, visibility: Public, operationType: ReadFilter, description: null, type: Object, collectionType: None, isStatic: false, isOrdered: false, filter: select res.HorarioSemana FROM RestauranteEN as res where res.id = :p_restaurante, precondition: null, body: null, postcondition: null, automaticSynchronize: false, customized: false, paging: false, customizedTransaction: false)
5704 [main] INFO  ipse.xtend.util.stdlib.IOExtensions  - es.ua.dlsi.ooh.conceptualView.impl.OperationImpl@1af7f3d (name: getDireccion, visibility: Public, operationType: ReadFilter, description: null, type: Object, collectionType: None, isStatic: false, isOrdered: false, filter: select res.Direccion FROM RestauranteEN as res where res.id = :p_restaurante, precondition: null, body: null, postcondition: null, automaticSynchronize: false, customized: false, paging: false, customizedTransaction: false)
enc:utf-8
5730 [main] INFO  ipse.xtend.util.stdlib.IOExtensions  - es.ua.dlsi.ooh.conceptualView.impl.OperationImpl@79924b (name: new, visibility: Public, operationType: New, description: null, type: Object, collectionType: None, isStatic: false, isOrdered: false, filter: null, precondition: null, body: null, postcondition: null, automaticSynchronize: true, customized: false, paging: false, customizedTransaction: false)
5731 [main] INFO  ipse.xtend.util.stdlib.IOExtensions  - es.ua.dlsi.ooh.conceptualView.impl.OperationImpl@a7ecca (name: modify, visibility: Public, operationType: Modifier, description: null, type: Void, collectionType: None, isStatic: false, isOrdered: false, filter: null, precondition: null, body: null, postcondition: null, automaticSynchronize: true, customized: false, paging: false, customizedTransaction: false)
5731 [main] INFO  ipse.xtend.util.stdlib.IOExtensions  - es.ua.dlsi.ooh.conceptualView.impl.OperationImpl@798d51 (name: destroy, visibility: Public, operationType: Destroy, description: null, type: Void, collectionType: None, isStatic: false, isOrdered: false, filter: null, precondition: null, body: null, postcondition: null, automaticSynchronize: true, customized: false, paging: false, customizedTransaction: false)
5731 [main] INFO  ipse.xtend.util.stdlib.IOExtensions  - es.ua.dlsi.ooh.conceptualView.impl.OperationImpl@bf72b5 (name: cambiarEstado, visibility: Public, operationType: Modifier, description: null, type: Void, collectionType: None, isStatic: false, isOrdered: false, filter: null, precondition: null, body: null, postcondition: null, automaticSynchronize: false, customized: true, paging: false, customizedTransaction: false)
5731 [main] INFO  ipse.xtend.util.stdlib.IOExtensions  - es.ua.dlsi.ooh.conceptualView.impl.OperationImpl@1d8ba08 (name: readOID, visibility: Public, operationType: ReadOID, description: null, type: Object, collectionType: None, isStatic: false, isOrdered: false, filter: null, precondition: null, body: null, postcondition: null, automaticSynchronize: true, customized: false, paging: false, customizedTransaction: false)
5731 [main] INFO  ipse.xtend.util.stdlib.IOExtensions  - es.ua.dlsi.ooh.conceptualView.impl.OperationImpl@64cb25 (name: readAll, visibility: Public, operationType: ReadAll, description: null, type: Object, collectionType: List, isStatic: false, isOrdered: false, filter: null, precondition: null, body: null, postcondition: null, automaticSynchronize: true, customized: false, paging: false, customizedTransaction: false)
5731 [main] INFO  ipse.xtend.util.stdlib.IOExtensions  - es.ua.dlsi.ooh.conceptualView.impl.OperationImpl@e5aa72 (name: getReservasFromRegistrado, visibility: Public, operationType: ReadFilter, description: null, type: Object, collectionType: List, isStatic: false, isOrdered: false, filter: FROM ReservaEN as res where res.Registrado= :p_registrado, precondition: null, body: null, postcondition: null, automaticSynchronize: false, customized: false, paging: false, customizedTransaction: false)
5731 [main] INFO  ipse.xtend.util.stdlib.IOExtensions  - es.ua.dlsi.ooh.conceptualView.impl.OperationImpl@5eefef (name: getReservasFromRestaurante, visibility: Public, operationType: ReadFilter, description: null, type: Object, collectionType: List, isStatic: false, isOrdered: false, filter: FROM ReservaEN as res where res.Restaurante.Id = :p_restaurante, precondition: null, body: null, postcondition: null, automaticSynchronize: false, customized: false, paging: false, customizedTransaction: false)
5731 [main] INFO  ipse.xtend.util.stdlib.IOExtensions  - es.ua.dlsi.ooh.conceptualView.impl.OperationImpl@158b42f (name: getReservasFromRestauranteYRegistrado, visibility: Public, operationType: ReadFilter, description: null, type: Object, collectionType: List, isStatic: false, isOrdered: false, filter: FROM ReservaEN as res where res.Registrado.Id = :p_registrado and res.Restaurante.Id  = :p_restaurante, precondition: null, body: null, postcondition: null, automaticSynchronize: false, customized: false, paging: false, customizedTransaction: false)
5731 [main] INFO  ipse.xtend.util.stdlib.IOExtensions  - es.ua.dlsi.ooh.conceptualView.impl.OperationImpl@17275fc (name: getReservasFromRegistradoFinal, visibility: Public, operationType: ReadFilter, description: null, type: Object, collectionType: List, isStatic: false, isOrdered: false, filter: select res FROM ReservaEN as res where res.Finalizada = :p_finalizada and res.Registrado = :p_registrado, precondition: null, body: null, postcondition: null, automaticSynchronize: false, customized: false, paging: false, customizedTransaction: false)
5731 [main] INFO  ipse.xtend.util.stdlib.IOExtensions  - es.ua.dlsi.ooh.conceptualView.impl.OperationImpl@18190fc (name: getReservasFromRestauranteFinal, visibility: Public, operationType: ReadFilter, description: null, type: Object, collectionType: List, isStatic: false, isOrdered: false, filter: FROM ReservaEN as res where res.Finalizada = :p_finalizada and res.Restaurante = :p_restaurante, precondition: null, body: null, postcondition: null, automaticSynchronize: false, customized: false, paging: false, customizedTransaction: false)
5731 [main] INFO  ipse.xtend.util.stdlib.IOExtensions  - es.ua.dlsi.ooh.conceptualView.impl.OperationImpl@1cabb2a (name: getReservasFromRegistradoByFechaHora, visibility: Public, operationType: ReadFilter, description: null, type: Object, collectionType: List, isStatic: false, isOrdered: false, filter: FROM ReservaEN as res where res.Fecha_hora = :p_fecha_hora and res.Registrado = :p_registrado, precondition: null, body: null, postcondition: null, automaticSynchronize: false, customized: false, paging: false, customizedTransaction: false)
5731 [main] INFO  ipse.xtend.util.stdlib.IOExtensions  - es.ua.dlsi.ooh.conceptualView.impl.OperationImpl@bc55de (name: getReservasFromRestauranteByFechaHora, visibility: Public, operationType: ReadFilter, description: null, type: Object, collectionType: List, isStatic: false, isOrdered: false, filter: FROM ReservaEN as res where res.Fecha_hora = :p_fecha_hora and res.Restaurante = :p_restaurante, precondition: null, body: null, postcondition: null, automaticSynchronize: false, customized: false, paging: false, customizedTransaction: false)
5731 [main] INFO  ipse.xtend.util.stdlib.IOExtensions  - es.ua.dlsi.ooh.conceptualView.impl.OperationImpl@1ec71f8 (name: cambiarFinalizacion, visibility: Public, operationType: Modifier, description: null, type: Void, collectionType: None, isStatic: false, isOrdered: false, filter: null, precondition: null, body: null, postcondition: null, automaticSynchronize: false, customized: true, paging: false, customizedTransaction: false)
5731 [main] INFO  ipse.xtend.util.stdlib.IOExtensions  - es.ua.dlsi.ooh.conceptualView.impl.OperationImpl@3d2c72 (name: checkout, visibility: Public, operationType: CustomTransaction, description: null, type: Void, collectionType: None, isStatic: false, isOrdered: false, filter: null, precondition: null, body: null, postcondition: null, automaticSynchronize: true, customized: false, paging: false, customizedTransaction: false)
enc:utf-8
5760 [main] INFO  ipse.xtend.util.stdlib.IOExtensions  - es.ua.dlsi.ooh.conceptualView.impl.OperationImpl@16813f3 (name: crearReserva, visibility: Public, operationType: CustomTransaction, description: null, type: Integer, collectionType: None, isStatic: false, isOrdered: false, filter: null, precondition: null, body: null, postcondition: null, automaticSynchronize: true, customized: false, paging: false, customizedTransaction: false)
enc:utf-8
enc:utf-8
5813 [main] INFO  ipse.xtend.util.stdlib.IOExtensions  - es.ua.dlsi.ooh.conceptualView.impl.OperationImpl@f0ea28 (name: new, visibility: Public, operationType: New, description: null, type: Object, collectionType: None, isStatic: false, isOrdered: false, filter: null, precondition: null, body: null, postcondition: null, automaticSynchronize: true, customized: false, paging: false, customizedTransaction: false)
5813 [main] INFO  ipse.xtend.util.stdlib.IOExtensions  - es.ua.dlsi.ooh.conceptualView.impl.OperationImpl@11d00c0 (name: modify, visibility: Public, operationType: Modifier, description: null, type: Void, collectionType: None, isStatic: false, isOrdered: false, filter: null, precondition: null, body: null, postcondition: null, automaticSynchronize: true, customized: false, paging: false, customizedTransaction: false)
5813 [main] INFO  ipse.xtend.util.stdlib.IOExtensions  - es.ua.dlsi.ooh.conceptualView.impl.OperationImpl@19f10e1 (name: destroy, visibility: Public, operationType: Destroy, description: null, type: Void, collectionType: None, isStatic: false, isOrdered: false, filter: null, precondition: null, body: null, postcondition: null, automaticSynchronize: true, customized: false, paging: false, customizedTransaction: false)
5814 [main] INFO  ipse.xtend.util.stdlib.IOExtensions  - es.ua.dlsi.ooh.conceptualView.impl.OperationImpl@5f66e3 (name: readOID, visibility: Public, operationType: ReadOID, description: null, type: Object, collectionType: None, isStatic: false, isOrdered: false, filter: null, precondition: null, body: null, postcondition: null, automaticSynchronize: true, customized: false, paging: false, customizedTransaction: false)
5814 [main] INFO  ipse.xtend.util.stdlib.IOExtensions  - es.ua.dlsi.ooh.conceptualView.impl.OperationImpl@13ac989 (name: readAll, visibility: Public, operationType: ReadAll, description: null, type: Object, collectionType: List, isStatic: false, isOrdered: false, filter: null, precondition: null, body: null, postcondition: null, automaticSynchronize: true, customized: false, paging: false, customizedTransaction: false)
5814 [main] INFO  ipse.xtend.util.stdlib.IOExtensions  - es.ua.dlsi.ooh.conceptualView.impl.OperationImpl@162e04d (name: getOpinionsFromRegistrado, visibility: Public, operationType: ReadFilter, description: null, type: Object, collectionType: List, isStatic: false, isOrdered: false, filter: FROM OpinionEN as opi where opi.Registrado = :p_registrado, precondition: null, body: null, postcondition: null, automaticSynchronize: false, customized: false, paging: false, customizedTransaction: false)
5814 [main] INFO  ipse.xtend.util.stdlib.IOExtensions  - es.ua.dlsi.ooh.conceptualView.impl.OperationImpl@135c3b (name: getOpinionsFromRestaurante, visibility: Public, operationType: ReadFilter, description: null, type: Object, collectionType: List, isStatic: false, isOrdered: false, filter: FROM OpinionEN as opi where opi.Restaurante = :p_restaurante, precondition: null, body: null, postcondition: null, automaticSynchronize: false, customized: false, paging: false, customizedTransaction: false)
5814 [main] INFO  ipse.xtend.util.stdlib.IOExtensions  - es.ua.dlsi.ooh.conceptualView.impl.OperationImpl@1304f14 (name: getOpinionsFromRegistradoByValoracion, visibility: Public, operationType: ReadFilter, description: null, type: Object, collectionType: List, isStatic: false, isOrdered: false, filter: FROM OpinionEN as opi where opi.Registrado = :p_registrado and opi.Valoracion = :p_valoracion , precondition: null, body: null, postcondition: null, automaticSynchronize: false, customized: false, paging: false, customizedTransaction: false)
5814 [main] INFO  ipse.xtend.util.stdlib.IOExtensions  - es.ua.dlsi.ooh.conceptualView.impl.OperationImpl@6648b0 (name: getOpinionsFromRestauranteByValoracion, visibility: Public, operationType: ReadFilter, description: null, type: Object, collectionType: List, isStatic: false, isOrdered: false, filter: FROM OpinionEN as opi where opi.Restaurante = :p_restaurante and opi.Valoracion = :p_valoracion , precondition: null, body: null, postcondition: null, automaticSynchronize: false, customized: false, paging: false, customizedTransaction: false)
5814 [main] INFO  ipse.xtend.util.stdlib.IOExtensions  - es.ua.dlsi.ooh.conceptualView.impl.OperationImpl@8d2484 (name: getOpinionsFromRegistradoYRestaurante, visibility: Public, operationType: ReadFilter, description: null, type: Object, collectionType: List, isStatic: false, isOrdered: false, filter: from OpinionEN as opi where opi.Restaurante = :p_restaurante and opi.Registrado = :p_registrado, precondition: null, body: null, postcondition: null, automaticSynchronize: false, customized: false, paging: false, customizedTransaction: false)
5814 [main] INFO  ipse.xtend.util.stdlib.IOExtensions  - es.ua.dlsi.ooh.conceptualView.impl.OperationImpl@15d943d (name: getOpinionsFromRegistradoYRestauranteByValoracion, visibility: Public, operationType: ReadFilter, description: null, type: OID, collectionType: List, isStatic: false, isOrdered: false, filter: FROM OpinionEN as opi where opi.Restaurante = :p_restaurante and opi.Valoracion = :p_valoracion and opi.Registrado = :p_registrado, precondition: null, body: null, postcondition: null, automaticSynchronize: false, customized: false, paging: false, customizedTransaction: false)
enc:utf-8
5841 [main] INFO  ipse.xtend.util.stdlib.IOExtensions  - es.ua.dlsi.ooh.conceptualView.impl.OperationImpl@2796d (name: new, visibility: Public, operationType: New, description: null, type: Object, collectionType: None, isStatic: false, isOrdered: false, filter: null, precondition: null, body: null, postcondition: null, automaticSynchronize: true, customized: false, paging: false, customizedTransaction: false)
5841 [main] INFO  ipse.xtend.util.stdlib.IOExtensions  - es.ua.dlsi.ooh.conceptualView.impl.OperationImpl@1b5a082 (name: modify, visibility: Public, operationType: Modifier, description: null, type: Void, collectionType: None, isStatic: false, isOrdered: false, filter: null, precondition: null, body: null, postcondition: null, automaticSynchronize: true, customized: false, paging: false, customizedTransaction: false)
5841 [main] INFO  ipse.xtend.util.stdlib.IOExtensions  - es.ua.dlsi.ooh.conceptualView.impl.OperationImpl@1d512c1 (name: destroy, visibility: Public, operationType: Destroy, description: null, type: Void, collectionType: None, isStatic: false, isOrdered: false, filter: null, precondition: null, body: null, postcondition: null, automaticSynchronize: true, customized: false, paging: false, customizedTransaction: false)
5841 [main] INFO  ipse.xtend.util.stdlib.IOExtensions  - es.ua.dlsi.ooh.conceptualView.impl.OperationImpl@19c2c1d (name: readOID, visibility: Public, operationType: ReadOID, description: null, type: Object, collectionType: None, isStatic: false, isOrdered: false, filter: null, precondition: null, body: null, postcondition: null, automaticSynchronize: true, customized: false, paging: false, customizedTransaction: false)
5841 [main] INFO  ipse.xtend.util.stdlib.IOExtensions  - es.ua.dlsi.ooh.conceptualView.impl.OperationImpl@3118b0 (name: readAll, visibility: Public, operationType: ReadAll, description: null, type: Object, collectionType: List, isStatic: false, isOrdered: false, filter: null, precondition: null, body: null, postcondition: null, automaticSynchronize: true, customized: false, paging: false, customizedTransaction: false)
5841 [main] INFO  ipse.xtend.util.stdlib.IOExtensions  - es.ua.dlsi.ooh.conceptualView.impl.OperationImpl@5d7657 (name: agregarUsuario, visibility: Public, operationType: Relationer, description: null, type: Void, collectionType: None, isStatic: false, isOrdered: false, filter: null, precondition: null, body: null, postcondition: null, automaticSynchronize: true, customized: false, paging: false, customizedTransaction: false)
5841 [main] INFO  ipse.xtend.util.stdlib.IOExtensions  - es.ua.dlsi.ooh.conceptualView.impl.OperationImpl@13379b4 (name: desvincularUsuario, visibility: Public, operationType: Relationer, description: null, type: Void, collectionType: None, isStatic: false, isOrdered: false, filter: null, precondition: null, body: null, postcondition: null, automaticSynchronize: true, customized: false, paging: false, customizedTransaction: false)
5841 [main] INFO  ipse.xtend.util.stdlib.IOExtensions  - es.ua.dlsi.ooh.conceptualView.impl.OperationImpl@171beb3 (name: agregarReserva, visibility: Public, operationType: Relationer, description: null, type: Void, collectionType: None, isStatic: false, isOrdered: false, filter: null, precondition: null, body: null, postcondition: null, automaticSynchronize: true, customized: false, paging: false, customizedTransaction: false)
5841 [main] INFO  ipse.xtend.util.stdlib.IOExtensions  - es.ua.dlsi.ooh.conceptualView.impl.OperationImpl@11f53a0 (name: desvincularReserva, visibility: Public, operationType: Unrelationer, description: null, type: Void, collectionType: None, isStatic: false, isOrdered: false, filter: null, precondition: null, body: null, postcondition: null, automaticSynchronize: true, customized: false, paging: false, customizedTransaction: false)
5841 [main] INFO  ipse.xtend.util.stdlib.IOExtensions  - es.ua.dlsi.ooh.conceptualView.impl.OperationImpl@701274 (name: agregarOpinion, visibility: Public, operationType: Relationer, description: null, type: Void, collectionType: None, isStatic: false, isOrdered: false, filter: null, precondition: null, body: null, postcondition: null, automaticSynchronize: true, customized: false, paging: false, customizedTransaction: false)
5841 [main] INFO  ipse.xtend.util.stdlib.IOExtensions  - es.ua.dlsi.ooh.conceptualView.impl.OperationImpl@379589 (name: desvincularOpinion, visibility: Public, operationType: Relationer, description: null, type: Void, collectionType: None, isStatic: false, isOrdered: false, filter: null, precondition: null, body: null, postcondition: null, automaticSynchronize: true, customized: false, paging: false, customizedTransaction: false)
5841 [main] INFO  ipse.xtend.util.stdlib.IOExtensions  - es.ua.dlsi.ooh.conceptualView.impl.OperationImpl@1bf0d49 (name: getUsuario, visibility: Public, operationType: ReadFilter, description: null, type: Object, collectionType: None, isStatic: false, isOrdered: false, filter: select noti.Usuario FROM NotificacionEN as noti where noti.id = :p_notificacion, precondition: null, body: null, postcondition: null, automaticSynchronize: false, customized: false, paging: false, customizedTransaction: false)
5841 [main] INFO  ipse.xtend.util.stdlib.IOExtensions  - es.ua.dlsi.ooh.conceptualView.impl.OperationImpl@16aec5c (name: getReserva, visibility: Public, operationType: ReadFilter, description: null, type: Object, collectionType: None, isStatic: false, isOrdered: false, filter: select noti.Reserva FROM NotificacionEN as noti where noti.id = :p_notificacion, precondition: null, body: null, postcondition: null, automaticSynchronize: false, customized: false, paging: false, customizedTransaction: false)
5841 [main] INFO  ipse.xtend.util.stdlib.IOExtensions  - es.ua.dlsi.ooh.conceptualView.impl.OperationImpl@7a06ec (name: getOpinion, visibility: Public, operationType: ReadFilter, description: null, type: Object, collectionType: None, isStatic: false, isOrdered: false, filter: select noti.Opinion FROM NotificacionEN as noti where noti.id = :p_notificacion, precondition: null, body: null, postcondition: null, automaticSynchronize: false, customized: false, paging: false, customizedTransaction: false)
enc:utf-8
5867 [main] INFO  ipse.xtend.util.stdlib.IOExtensions  - es.ua.dlsi.ooh.conceptualView.impl.OperationImpl@6cb05c (name: new, visibility: Public, operationType: New, description: null, type: Object, collectionType: None, isStatic: false, isOrdered: false, filter: null, precondition: null, body: null, postcondition: null, automaticSynchronize: true, customized: false, paging: false, customizedTransaction: false)
5867 [main] INFO  ipse.xtend.util.stdlib.IOExtensions  - es.ua.dlsi.ooh.conceptualView.impl.OperationImpl@11ef81a (name: modify, visibility: Public, operationType: Modifier, description: null, type: Void, collectionType: None, isStatic: false, isOrdered: false, filter: null, precondition: null, body: null, postcondition: null, automaticSynchronize: true, customized: false, paging: false, customizedTransaction: false)
5867 [main] INFO  ipse.xtend.util.stdlib.IOExtensions  - es.ua.dlsi.ooh.conceptualView.impl.OperationImpl@12331b (name: destroy, visibility: Public, operationType: Destroy, description: null, type: Void, collectionType: None, isStatic: false, isOrdered: false, filter: null, precondition: null, body: null, postcondition: null, automaticSynchronize: true, customized: false, paging: false, customizedTransaction: false)
5868 [main] INFO  ipse.xtend.util.stdlib.IOExtensions  - es.ua.dlsi.ooh.conceptualView.impl.OperationImpl@169e7d1 (name: readOID, visibility: Public, operationType: ReadOID, description: null, type: Object, collectionType: None, isStatic: false, isOrdered: false, filter: null, precondition: null, body: null, postcondition: null, automaticSynchronize: true, customized: false, paging: false, customizedTransaction: false)
5868 [main] INFO  ipse.xtend.util.stdlib.IOExtensions  - es.ua.dlsi.ooh.conceptualView.impl.OperationImpl@142c4ed (name: readAll, visibility: Public, operationType: ReadAll, description: null, type: Object, collectionType: List, isStatic: false, isOrdered: false, filter: null, precondition: null, body: null, postcondition: null, automaticSynchronize: true, customized: false, paging: false, customizedTransaction: false)
enc:utf-8
5895 [main] INFO  ipse.xtend.util.stdlib.IOExtensions  - es.ua.dlsi.ooh.conceptualView.impl.OperationImpl@12586d6 (name: new, visibility: Public, operationType: New, description: null, type: Object, collectionType: None, isStatic: false, isOrdered: false, filter: null, precondition: null, body: null, postcondition: null, automaticSynchronize: false, customized: false, paging: false, customizedTransaction: false)
5895 [main] INFO  ipse.xtend.util.stdlib.IOExtensions  - es.ua.dlsi.ooh.conceptualView.impl.OperationImpl@683d9d (name: modify, visibility: Public, operationType: Modifier, description: null, type: Void, collectionType: None, isStatic: false, isOrdered: false, filter: null, precondition: null, body: null, postcondition: null, automaticSynchronize: true, customized: false, paging: false, customizedTransaction: false)
5895 [main] INFO  ipse.xtend.util.stdlib.IOExtensions  - es.ua.dlsi.ooh.conceptualView.impl.OperationImpl@a9e4eb (name: destroy, visibility: Public, operationType: Destroy, description: null, type: Void, collectionType: None, isStatic: false, isOrdered: false, filter: null, precondition: null, body: null, postcondition: null, automaticSynchronize: true, customized: false, paging: false, customizedTransaction: false)
5895 [main] INFO  ipse.xtend.util.stdlib.IOExtensions  - es.ua.dlsi.ooh.conceptualView.impl.OperationImpl@5c9627 (name: agregarHorarioDia, visibility: Public, operationType: Relationer, description: null, type: Void, collectionType: None, isStatic: false, isOrdered: false, filter: null, precondition: null, body: null, postcondition: null, automaticSynchronize: true, customized: false, paging: false, customizedTransaction: false)
5895 [main] INFO  ipse.xtend.util.stdlib.IOExtensions  - es.ua.dlsi.ooh.conceptualView.impl.OperationImpl@1cf94f8 (name: readOID, visibility: Public, operationType: ReadOID, description: null, type: Object, collectionType: None, isStatic: false, isOrdered: false, filter: null, precondition: null, body: null, postcondition: null, automaticSynchronize: true, customized: false, paging: false, customizedTransaction: false)
5895 [main] INFO  ipse.xtend.util.stdlib.IOExtensions  - es.ua.dlsi.ooh.conceptualView.impl.OperationImpl@1190526 (name: readAll, visibility: Public, operationType: ReadAll, description: null, type: Object, collectionType: List, isStatic: false, isOrdered: false, filter: null, precondition: null, body: null, postcondition: null, automaticSynchronize: true, customized: false, paging: false, customizedTransaction: false)
enc:utf-8
5922 [main] INFO  ipse.xtend.util.stdlib.IOExtensions  - es.ua.dlsi.ooh.conceptualView.impl.OperationImpl@1c2494c (name: new, visibility: Public, operationType: New, description: null, type: Object, collectionType: None, isStatic: false, isOrdered: false, filter: null, precondition: null, body: null, postcondition: null, automaticSynchronize: true, customized: false, paging: false, customizedTransaction: false)
5922 [main] INFO  ipse.xtend.util.stdlib.IOExtensions  - es.ua.dlsi.ooh.conceptualView.impl.OperationImpl@f03482 (name: modify, visibility: Public, operationType: Modifier, description: null, type: Void, collectionType: None, isStatic: false, isOrdered: false, filter: null, precondition: null, body: null, postcondition: null, automaticSynchronize: true, customized: false, paging: false, customizedTransaction: false)
5922 [main] INFO  ipse.xtend.util.stdlib.IOExtensions  - es.ua.dlsi.ooh.conceptualView.impl.OperationImpl@116aac9 (name: destroy, visibility: Public, operationType: Destroy, description: null, type: Void, collectionType: None, isStatic: false, isOrdered: false, filter: null, precondition: null, body: null, postcondition: null, automaticSynchronize: true, customized: false, paging: false, customizedTransaction: false)
5922 [main] INFO  ipse.xtend.util.stdlib.IOExtensions  - es.ua.dlsi.ooh.conceptualView.impl.OperationImpl@e52ef6 (name: getHorariosDiaFromHorarioSemana, visibility: Public, operationType: ReadFilter, description: null, type: Object, collectionType: List, isStatic: false, isOrdered: false, filter: FROM HorarioDiaEN as hd where hd.HorarioSemana.Id= :p_horarioSemana, precondition: null, body: null, postcondition: null, automaticSynchronize: false, customized: false, paging: false, customizedTransaction: false)
5922 [main] INFO  ipse.xtend.util.stdlib.IOExtensions  - es.ua.dlsi.ooh.conceptualView.impl.OperationImpl@677343 (name: readOID, visibility: Public, operationType: ReadOID, description: null, type: Object, collectionType: None, isStatic: false, isOrdered: false, filter: null, precondition: null, body: null, postcondition: null, automaticSynchronize: true, customized: false, paging: false, customizedTransaction: false)
5922 [main] INFO  ipse.xtend.util.stdlib.IOExtensions  - es.ua.dlsi.ooh.conceptualView.impl.OperationImpl@9115ef (name: readAll, visibility: Public, operationType: ReadAll, description: null, type: Object, collectionType: List, isStatic: false, isOrdered: false, filter: null, precondition: null, body: null, postcondition: null, automaticSynchronize: true, customized: false, paging: false, customizedTransaction: false)
enc:utf-8
5949 [main] INFO  ipse.xtend.util.stdlib.IOExtensions  - es.ua.dlsi.ooh.conceptualView.impl.OperationImpl@1bbc4e (name: new, visibility: Public, operationType: New, description: null, type: Object, collectionType: None, isStatic: false, isOrdered: false, filter: null, precondition: null, body: null, postcondition: null, automaticSynchronize: true, customized: false, paging: false, customizedTransaction: false)
5949 [main] INFO  ipse.xtend.util.stdlib.IOExtensions  - es.ua.dlsi.ooh.conceptualView.impl.OperationImpl@ceadd4 (name: modify, visibility: Public, operationType: Modifier, description: null, type: Void, collectionType: None, isStatic: false, isOrdered: false, filter: null, precondition: null, body: null, postcondition: null, automaticSynchronize: true, customized: false, paging: false, customizedTransaction: false)
5949 [main] INFO  ipse.xtend.util.stdlib.IOExtensions  - es.ua.dlsi.ooh.conceptualView.impl.OperationImpl@1c7e403 (name: destroy, visibility: Public, operationType: Destroy, description: null, type: Void, collectionType: None, isStatic: false, isOrdered: false, filter: null, precondition: null, body: null, postcondition: null, automaticSynchronize: true, customized: false, paging: false, customizedTransaction: false)
5949 [main] INFO  ipse.xtend.util.stdlib.IOExtensions  - es.ua.dlsi.ooh.conceptualView.impl.OperationImpl@10f4dc7 (name: readAll, visibility: Public, operationType: ReadAll, description: null, type: Object, collectionType: List, isStatic: false, isOrdered: false, filter: null, precondition: null, body: null, postcondition: null, automaticSynchronize: true, customized: false, paging: false, customizedTransaction: false)
5949 [main] INFO  ipse.xtend.util.stdlib.IOExtensions  - es.ua.dlsi.ooh.conceptualView.impl.OperationImpl@1f4931d (name: readOID, visibility: Public, operationType: ReadOID, description: null, type: Object, collectionType: None, isStatic: false, isOrdered: false, filter: null, precondition: null, body: null, postcondition: null, automaticSynchronize: true, customized: false, paging: false, customizedTransaction: false)
enc:utf-8
5975 [main] INFO  ipse.xtend.util.stdlib.IOExtensions  - es.ua.dlsi.ooh.conceptualView.impl.OperationImpl@1d20d0b (name: new, visibility: Public, operationType: New, description: null, type: Object, collectionType: None, isStatic: false, isOrdered: false, filter: null, precondition: null, body: null, postcondition: null, automaticSynchronize: true, customized: false, paging: false, customizedTransaction: false)
5975 [main] INFO  ipse.xtend.util.stdlib.IOExtensions  - es.ua.dlsi.ooh.conceptualView.impl.OperationImpl@40365c (name: modify, visibility: Public, operationType: Modifier, description: null, type: Void, collectionType: None, isStatic: false, isOrdered: false, filter: null, precondition: null, body: null, postcondition: null, automaticSynchronize: true, customized: false, paging: false, customizedTransaction: false)
5975 [main] INFO  ipse.xtend.util.stdlib.IOExtensions  - es.ua.dlsi.ooh.conceptualView.impl.OperationImpl@1b0dcab (name: destroy, visibility: Public, operationType: Destroy, description: null, type: Void, collectionType: None, isStatic: false, isOrdered: false, filter: null, precondition: null, body: null, postcondition: null, automaticSynchronize: true, customized: false, paging: false, customizedTransaction: false)
5975 [main] INFO  ipse.xtend.util.stdlib.IOExtensions  - es.ua.dlsi.ooh.conceptualView.impl.OperationImpl@1f3b89c (name: readOID, visibility: Public, operationType: ReadOID, description: null, type: Object, collectionType: None, isStatic: false, isOrdered: false, filter: null, precondition: null, body: null, postcondition: null, automaticSynchronize: true, customized: false, paging: false, customizedTransaction: false)
5975 [main] INFO  ipse.xtend.util.stdlib.IOExtensions  - es.ua.dlsi.ooh.conceptualView.impl.OperationImpl@325e14 (name: readAll, visibility: Public, operationType: ReadAll, description: null, type: Object, collectionType: List, isStatic: false, isOrdered: false, filter: null, precondition: null, body: null, postcondition: null, automaticSynchronize: true, customized: false, paging: false, customizedTransaction: false)
enc:utf-8
6003 [main] INFO  ipse.xtend.util.stdlib.IOExtensions  - es.ua.dlsi.ooh.conceptualView.impl.OperationImpl@1453e37 (name: new, visibility: Public, operationType: New, description: null, type: Object, collectionType: None, isStatic: false, isOrdered: false, filter: null, precondition: null, body: null, postcondition: null, automaticSynchronize: true, customized: false, paging: false, customizedTransaction: false)
6003 [main] INFO  ipse.xtend.util.stdlib.IOExtensions  - es.ua.dlsi.ooh.conceptualView.impl.OperationImpl@e13544 (name: modify, visibility: Public, operationType: Modifier, description: null, type: Void, collectionType: None, isStatic: false, isOrdered: false, filter: null, precondition: null, body: null, postcondition: null, automaticSynchronize: true, customized: false, paging: false, customizedTransaction: false)
6003 [main] INFO  ipse.xtend.util.stdlib.IOExtensions  - es.ua.dlsi.ooh.conceptualView.impl.OperationImpl@1c0f706 (name: destroy, visibility: Public, operationType: Destroy, description: null, type: Void, collectionType: None, isStatic: false, isOrdered: false, filter: null, precondition: null, body: null, postcondition: null, automaticSynchronize: true, customized: false, paging: false, customizedTransaction: false)
6003 [main] INFO  ipse.xtend.util.stdlib.IOExtensions  - es.ua.dlsi.ooh.conceptualView.impl.OperationImpl@1c1b556 (name: readAll, visibility: Public, operationType: ReadAll, description: null, type: Object, collectionType: List, isStatic: false, isOrdered: false, filter: null, precondition: null, body: null, postcondition: null, automaticSynchronize: true, customized: false, paging: false, customizedTransaction: false)
6003 [main] INFO  ipse.xtend.util.stdlib.IOExtensions  - es.ua.dlsi.ooh.conceptualView.impl.OperationImpl@7e5365 (name: readOID, visibility: Public, operationType: ReadOID, description: null, type: Object, collectionType: None, isStatic: false, isOrdered: false, filter: null, precondition: null, body: null, postcondition: null, automaticSynchronize: true, customized: false, paging: false, customizedTransaction: false)
enc:utf-8
6034 [main] INFO  ipse.xtend.util.stdlib.IOExtensions  - UsuarioEN
enc:utf-8
6068 [main] INFO  ipse.xtend.util.stdlib.IOExtensions  - RegistradoEN
enc:utf-8
6108 [main] INFO  ipse.xtend.util.stdlib.IOExtensions  - AdminEN
enc:utf-8
6139 [main] INFO  ipse.xtend.util.stdlib.IOExtensions  - RestauranteEN
enc:utf-8
6180 [main] INFO  ipse.xtend.util.stdlib.IOExtensions  - ReservaEN
enc:utf-8
6217 [main] INFO  ipse.xtend.util.stdlib.IOExtensions  - OpinionEN
enc:utf-8
6253 [main] INFO  ipse.xtend.util.stdlib.IOExtensions  - NotificacionEN
enc:utf-8
6288 [main] INFO  ipse.xtend.util.stdlib.IOExtensions  - NotificacionGenericaEN
enc:utf-8
6321 [main] INFO  ipse.xtend.util.stdlib.IOExtensions  - HorarioSemanaEN
enc:utf-8
6358 [main] INFO  ipse.xtend.util.stdlib.IOExtensions  - HorarioDiaEN
enc:utf-8
6392 [main] INFO  ipse.xtend.util.stdlib.IOExtensions  - DireccionEN
enc:utf-8
6428 [main] INFO  ipse.xtend.util.stdlib.IOExtensions  - CiudadEN
enc:utf-8
6460 [main] INFO  ipse.xtend.util.stdlib.IOExtensions  - TipoCocinaEN
enc:utf-8
enc:utf-8
enc:utf-8
enc:utf-8
enc:utf-8
6599 [main] INFO  ipse.xtend.util.stdlib.IOExtensions  - EN
6621 [main] INFO  ipse.xtend.util.stdlib.IOExtensions  - EN
6627 [main] INFO  ipse.xtend.util.stdlib.IOExtensions  - EN
6633 [main] INFO  ipse.xtend.util.stdlib.IOExtensions  - EN
6639 [main] INFO  ipse.xtend.util.stdlib.IOExtensions  - EN
6643 [main] INFO  ipse.xtend.util.stdlib.IOExtensions  - EN
6648 [main] INFO  ipse.xtend.util.stdlib.IOExtensions  - EN
6654 [main] INFO  ipse.xtend.util.stdlib.IOExtensions  - EN
6659 [main] INFO  ipse.xtend.util.stdlib.IOExtensions  - EN
6664 [main] INFO  ipse.xtend.util.stdlib.IOExtensions  - EN
enc:utf-8
enc:utf-8
6729 [main] INFO         org.eclipse.xpand2.Generator  - Written 25 files to outlet [default](../LePapeoGen)
6729 [main] INFO         org.eclipse.xpand2.Generator  - Skipped writing of 85 files to outlet [default](../LePapeoGen)
6729 [main] INFO  e.core.container.CompositeComponent  - es.ua.dlsi.ooh.persistence.nhibernate.generator.workflowComponents.CreateSolution
6735 [main] INFO  e.core.container.CompositeComponent  - es.ua.dlsi.ooh.persistence.nhibernate.generator.workflowComponents.UpdateSolution
6741 [main] INFO  e.core.container.CompositeComponent  - es.ua.dlsi.ooh.persistence.nhibernate.generator.workflowComponents.CopyDLLs
../LePapeoGen\LePapeoGenNHibernate\AppLib\Antlr3.Runtime.dll
../LePapeoGen\LePapeoGenNHibernate\AppLib\Castle.DynamicProxy2.dll
../LePapeoGen\LePapeoGenNHibernate\AppLib\Iesi.Collections.dll
../LePapeoGen\LePapeoGenNHibernate\AppLib\jose-jwt.dll
../LePapeoGen\LePapeoGenNHibernate\AppLib\LinFu.DynamicProxy.dll
../LePapeoGen\LePapeoGenNHibernate\AppLib\log4net.dll
../LePapeoGen\LePapeoGenNHibernate\AppLib\Newtonsoft.Json.dll
../LePapeoGen\LePapeoGenNHibernate\AppLib\NHibernate.ByteCode.Castle.dll
../LePapeoGen\LePapeoGenNHibernate\AppLib\NHibernate.ByteCode.LinFu.dll
../LePapeoGen\LePapeoGenNHibernate\AppLib\NHibernate.dll
../LePapeoGen\LePapeoGenNHibernate\AppLib\nunit.core.dll
../LePapeoGen\LePapeoGenNHibernate\AppLib\nunit.framework.dll
6744 [main] INFO  eclipse.emf.mwe.core.WorkflowEngine  - workflow completed in 6092ms!
